[INFO ] 2021-11-03 02:44:29.019 [main] Listeners - Successfully passed testcase:loginPage1TitleTest
/pattern>[INFO ] 2021-11-03 02:44:51.815 [main] LoginPage2Test - Driver invoked and launched the browser successfully
/pattern>[INFO ] 2021-11-03 02:58:59.146 [main] Listeners - Successfully passed testcase:loginPage1TitleTest
/pattern>[INFO ] 2021-11-03 02:59:05.763 [main] LoginPage2Test - Driver invoked and launched the browser successfully
/pattern>[INFO ] 2021-11-03 03:04:07.383 [main] Listeners - Successfully passed testcase:loginPage1TitleTest
/pattern>[INFO ] 2021-11-03 03:04:13.130 [main] LoginPage2Test - Driver invoked and launched the browser successfully
/pattern>[ERROR] 2021-11-03 03:05:02.444 [main] Listeners - failed testcase:FreeCrmLogoTest
/pattern>[INFO ] 2021-11-03 18:15:55.066 [main] Listeners - Successfully passed testcase:loginPage1TitleTest
/pattern>[INFO ] 2021-11-03 18:16:01.810 [main] LoginPage2Test - Driver invoked and launched the browser successfully
/pattern>[INFO ] 2021-11-03 18:16:02.773 [main] LoginPage2Test - Successfully validated the title
/pattern>[INFO ] 2021-11-03 18:16:02.773 [main] Listeners - Successfully passed testcase:loginPage2TitleTest
/pattern>[INFO ] 2021-11-03 18:16:21.759 [main] Listeners - Successfully passed testcase:homepageTitleTest
/pattern>[INFO ] 2021-11-03 18:17:02.863 [main] Listeners - Successfully passed testcase:FreeCrmLogoTest
/pattern>[INFO ] 2021-11-03 18:17:10.283 [main] LoginPage2Test - Driver invoked and launched the browser successfully
/pattern>[INFO ] 2021-11-03 18:17:18.745 [main] Listeners - Successfully passed testcase:Login1Test
/pattern>[INFO ] 2021-11-03 18:20:58.443 [main] TestUtil - Total rows:4
/pattern>[INFO ] 2021-11-03 18:20:58.447 [main] TestUtil - total cols:3
/pattern>[INFO ] 2021-11-03 18:20:58.455 [main] TestUtil - total cols:3
/pattern>[INFO ] 2021-11-03 18:20:58.455 [main] TestUtil - total cols:3
/pattern>[INFO ] 2021-11-03 18:20:58.456 [main] TestUtil - total cols:3
/pattern>[INFO ] 2021-11-03 18:44:25.695 [main] Listeners - Successfully passed testcase:loginPage1TitleTest
/pattern>[INFO ] 2021-11-03 18:44:31.294 [main] LoginPage2Test - Driver invoked and launched the browser successfully
/pattern>[INFO ] 2021-11-03 18:44:32.070 [main] LoginPage2Test - Successfully validated the title
/pattern>[INFO ] 2021-11-03 18:44:32.071 [main] Listeners - Successfully passed testcase:loginPage2TitleTest
/pattern>[INFO ] 2021-11-03 18:44:42.696 [main] Listeners - Successfully passed testcase:homepageTitleTest
/pattern>[INFO ] 2021-11-03 18:44:53.898 [main] Listeners - Successfully passed testcase:verifyContactsLabelTest
/pattern>[INFO ] 2021-11-03 18:44:58.699 [main] Listeners - Successfully passed testcase:FreeCrmLogoTest
/pattern>[INFO ] 2021-11-03 18:45:03.286 [main] LoginPage2Test - Driver invoked and launched the browser successfully
/pattern>[INFO ] 2021-11-03 18:45:09.289 [main] Listeners - Successfully passed testcase:Login1Test
/pattern>[INFO ] 2021-11-03 19:14:35.713 [main] TestUtil - Total rows:4
/pattern>[INFO ] 2021-11-03 19:14:35.718 [main] TestUtil - total cols:3
/pattern>[INFO ] 2021-11-03 19:14:35.724 [main] TestUtil - total cols:3
/pattern>[INFO ] 2021-11-03 19:14:35.725 [main] TestUtil - total cols:3
/pattern>[INFO ] 2021-11-03 19:14:35.726 [main] TestUtil - total cols:3
/pattern>[INFO ] 2021-11-03 19:17:26.954 [main] Listeners - Successfully passed testcase:loginPage1TitleTest
/pattern>[INFO ] 2021-11-03 19:17:33.276 [main] LoginPage2Test - Driver invoked and launched the browser successfully
/pattern>[INFO ] 2021-11-03 19:17:34.116 [main] LoginPage2Test - Successfully validated the title
/pattern>[INFO ] 2021-11-03 19:17:34.116 [main] Listeners - Successfully passed testcase:loginPage2TitleTest
/pattern>[INFO ] 2021-11-03 19:17:45.612 [main] Listeners - Successfully passed testcase:homepageTitleTest
/pattern>[INFO ] 2021-11-03 19:17:57.744 [main] Listeners - Successfully passed testcase:verifyContactsLabelTest
/pattern>[INFO ] 2021-11-03 19:18:03.358 [main] Listeners - Successfully passed testcase:FreeCrmLogoTest
/pattern>[INFO ] 2021-11-03 19:18:08.529 [main] LoginPage2Test - Driver invoked and launched the browser successfully
/pattern>[INFO ] 2021-11-03 19:18:14.919 [main] Listeners - Successfully passed testcase:Login1Test
/pattern>[INFO ] 2021-11-03 19:22:31.090 [main] Listeners - Successfully passed testcase:loginPage1TitleTest
/pattern>[INFO ] 2021-11-03 19:22:36.616 [main] LoginPage2Test - Driver invoked and launched the browser successfully
/pattern>[INFO ] 2021-11-03 19:22:38.156 [main] LoginPage2Test - Successfully validated the title
/pattern>[INFO ] 2021-11-03 19:22:38.157 [main] Listeners - Successfully passed testcase:loginPage2TitleTest
/pattern>[INFO ] 2021-11-03 19:22:49.862 [main] Listeners - Successfully passed testcase:homepageTitleTest
/pattern>[INFO ] 2021-11-03 19:23:02.269 [main] Listeners - Successfully passed testcase:verifyContactsLabelTest
/pattern>[INFO ] 2021-11-03 19:23:15.392 [main] Listeners - Successfully passed testcase:FreeCrmLogoTest
/pattern>[INFO ] 2021-11-03 19:23:25.705 [main] LoginPage2Test - Driver invoked and launched the browser successfully
/pattern>[INFO ] 2021-11-03 19:23:32.699 [main] Listeners - Successfully passed testcase:Login1Test
/pattern>[INFO ] 2021-11-03 19:56:39.790 [main] Listeners - Successfully passed testcase:loginPage1TitleTest
/pattern>[INFO ] 2021-11-03 19:56:45.657 [main] LoginPage2Test - Driver invoked and launched the browser successfully
/pattern>[INFO ] 2021-11-03 19:56:46.492 [main] LoginPage2Test - Successfully validated the title
/pattern>[INFO ] 2021-11-03 19:56:46.492 [main] Listeners - Successfully passed testcase:loginPage2TitleTest
/pattern>[INFO ] 2021-11-03 19:56:58.381 [main] Listeners - Successfully passed testcase:homepageTitleTest
/pattern>[INFO ] 2021-11-03 19:57:12.000 [main] Listeners - Successfully passed testcase:verifyContactsLabelTest
/pattern>[ERROR] 2021-11-03 19:57:28.472 [main] Listeners - failed testcase:FreeCrmLogoTest
/pattern>[INFO ] 2021-11-03 19:57:33.666 [main] LoginPage2Test - Driver invoked and launched the browser successfully
/pattern>[INFO ] 2021-11-03 19:57:39.678 [main] Listeners - Successfully passed testcase:Login1Test
/pattern>[INFO ] 2021-11-03 20:14:45.388 [main] Listeners - Successfully passed testcase:loginPage1TitleTest
/pattern>[INFO ] 2021-11-03 20:14:50.690 [main] LoginPage2Test - Driver invoked and launched the browser successfully
/pattern>[INFO ] 2021-11-03 20:14:51.295 [main] LoginPage2Test - Successfully validated the title
/pattern>[INFO ] 2021-11-03 20:14:51.296 [main] Listeners - Successfully passed testcase:loginPage2TitleTest
/pattern>[INFO ] 2021-11-03 20:15:02.702 [main] Listeners - Successfully passed testcase:homepageTitleTest
/pattern>[INFO ] 2021-11-03 20:15:14.658 [main] Listeners - Successfully passed testcase:verifyContactsLabelTest
/pattern>[ERROR] 2021-11-03 20:15:30.601 [main] Listeners - failed testcase:FreeCrmLogoTest
/pattern>[INFO ] 2021-11-03 20:15:36.662 [main] LoginPage2Test - Driver invoked and launched the browser successfully
/pattern>[INFO ] 2021-11-03 20:15:42.627 [main] Listeners - Successfully passed testcase:Login1Test
/pattern>[INFO ] 2021-11-03 20:22:38.399 [main] Listeners - Successfully passed testcase:loginPage1TitleTest
/pattern>[INFO ] 2021-11-03 20:22:43.751 [main] LoginPage2Test - Driver invoked and launched the browser successfully
/pattern>[INFO ] 2021-11-03 20:22:44.640 [main] LoginPage2Test - Successfully validated the title
/pattern>[INFO ] 2021-11-03 20:22:44.641 [main] Listeners - Successfully passed testcase:loginPage2TitleTest
/pattern>[INFO ] 2021-11-03 20:22:56.586 [main] Listeners - Successfully passed testcase:homepageTitleTest
/pattern>[INFO ] 2021-11-03 20:23:08.496 [main] Listeners - Successfully passed testcase:verifyContactsLabelTest
/pattern>[ERROR] 2021-11-03 20:23:24.367 [main] Listeners - failed testcase:FreeCrmLogoTest
/pattern>[INFO ] 2021-11-03 20:23:29.693 [main] LoginPage2Test - Driver invoked and launched the browser successfully
/pattern>[INFO ] 2021-11-03 20:23:36.170 [main] Listeners - Successfully passed testcase:Login1Test
/pattern>[INFO ] 2021-11-11 14:06:36.045 [main] LoginPage2Test - Driver invoked and launched the browser successfully
/pattern>[INFO ] 2021-11-11 14:06:36.405 [main] LoginPage2Test - Successfully validated the title
/pattern>[ERROR] 2021-11-11 14:06:36.418 [main] Listeners - failed testcase:loginPage2TitleTest
/pattern>[INFO ] 2021-11-11 14:06:49.372 [main] Listeners - Successfully passed testcase:homepageTitleTest
/pattern>[INFO ] 2021-11-11 14:06:59.023 [main] Listeners - Successfully passed testcase:verifyContactsLabelTest
/pattern>[INFO ] 2021-11-11 14:07:03.736 [main] LoginPage2Test - Driver invoked and launched the browser successfully
/pattern>[INFO ] 2021-11-11 14:07:09.133 [main] Listeners - Successfully passed testcase:Login1Test
/pattern>[INFO ] 2021-11-11 14:07:59.752 [main] Listeners - Successfully passed testcase:loginPage1TitleTest
/pattern>[INFO ] 2021-11-11 14:08:04.260 [main] LoginPage2Test - Driver invoked and launched the browser successfully
/pattern>[INFO ] 2021-11-11 14:08:04.945 [main] LoginPage2Test - Successfully validated the title
/pattern>[INFO ] 2021-11-11 14:08:04.949 [main] Listeners - Successfully passed testcase:loginPage2TitleTest
/pattern>[INFO ] 2021-11-11 14:08:15.330 [main] Listeners - Successfully passed testcase:homepageTitleTest
/pattern>[INFO ] 2021-11-11 14:08:26.031 [main] Listeners - Successfully passed testcase:verifyContactsLabelTest
/pattern>[INFO ] 2021-11-11 14:08:30.540 [main] Listeners - Successfully passed testcase:FreeCrmLogoTest
/pattern>[INFO ] 2021-11-11 14:08:34.850 [main] LoginPage2Test - Driver invoked and launched the browser successfully
/pattern>[INFO ] 2021-11-11 14:08:41.351 [main] Listeners - Successfully passed testcase:Login1Test
/pattern>[INFO ] 2021-11-11 14:15:28.524 [main] LoginPage2Test - Driver invoked and launched the browser successfully
/pattern>[INFO ] 2021-11-11 14:15:29.206 [main] LoginPage2Test - Successfully validated the title
/pattern>[INFO ] 2021-11-11 14:15:33.367 [main] LoginPage2Test - Driver invoked and launched the browser successfully
/pattern>[INFO ] 2021-11-11 14:17:57.145 [main] LoginPage2Test - Driver invoked and launched the browser successfully
/pattern>[INFO ] 2021-11-11 14:17:57.859 [main] LoginPage2Test - Successfully validated the title
/pattern>[INFO ] 2021-11-11 14:18:02.419 [main] LoginPage2Test - Driver invoked and launched the browser successfully
/pattern>[INFO ] 2021-11-11 14:18:25.340 [main] LoginPage2Test - Driver invoked and launched the browser successfully
/pattern>[INFO ] 2021-11-11 14:18:25.935 [main] LoginPage2Test - Successfully validated the title
/pattern>[INFO ] 2021-11-11 14:18:30.213 [main] LoginPage2Test - Driver invoked and launched the browser successfully
/pattern>[INFO ] 2021-11-11 14:20:03.865 [main] Listeners - Successfully passed testcase:loginPage1TitleTest
/pattern>[INFO ] 2021-11-11 14:20:08.234 [main] LoginPage2Test - Driver invoked and launched the browser successfully
/pattern>[INFO ] 2021-11-11 14:20:08.826 [main] LoginPage2Test - Successfully validated the title
/pattern>[INFO ] 2021-11-11 14:20:08.828 [main] Listeners - Successfully passed testcase:loginPage2TitleTest
/pattern>[INFO ] 2021-11-11 14:20:13.397 [main] Listeners - Successfully passed testcase:FreeCrmLogoTest
/pattern>[INFO ] 2021-11-11 14:20:17.733 [main] LoginPage2Test - Driver invoked and launched the browser successfully
/pattern>[INFO ] 2021-11-11 14:20:23.596 [main] Listeners - Successfully passed testcase:Login1Test
/pattern>[INFO ] 2021-11-11 14:20:28.753 [main] Listeners - Successfully passed testcase:validateLogin1Test
/pattern>[INFO ] 2021-11-11 14:23:06.216 [main] Listeners - Successfully passed testcase:loginPage1TitleTest
/pattern>[INFO ] 2021-11-11 14:23:10.650 [main] LoginPage2Test - Driver invoked and launched the browser successfully
/pattern>[INFO ] 2021-11-11 14:23:11.256 [main] LoginPage2Test - Successfully validated the title
/pattern>[INFO ] 2021-11-11 14:23:11.258 [main] Listeners - Successfully passed testcase:loginPage2TitleTest
/pattern>[INFO ] 2021-11-11 14:23:22.173 [main] Listeners - Successfully passed testcase:homepageTitleTest
/pattern>[INFO ] 2021-11-11 14:23:26.823 [main] Listeners - Successfully passed testcase:FreeCrmLogoTest
/pattern>[INFO ] 2021-11-11 14:23:31.362 [main] LoginPage2Test - Driver invoked and launched the browser successfully
/pattern>[INFO ] 2021-11-11 14:23:37.816 [main] Listeners - Successfully passed testcase:Login1Test
/pattern>[INFO ] 2021-11-11 14:23:48.294 [main] Listeners - Successfully passed testcase:verifyUsernameLabelTest
/pattern>[INFO ] 2021-11-11 14:23:53.370 [main] Listeners - Successfully passed testcase:validateLogin1Test
/pattern>[INFO ] 2021-11-11 14:24:03.565 [main] Listeners - Successfully passed testcase:verifyContactsLinkTest
/pattern>[INFO ] 2021-11-11 14:24:29.877 [main] Listeners - Successfully passed testcase:clickOnAddContactsTest
/pattern>[INFO ] 2021-11-11 14:38:30.968 [main] TestUtil - Total rows:4
/pattern>[INFO ] 2021-11-11 14:38:30.972 [main] TestUtil - total cols:3
/pattern>[INFO ] 2021-11-11 14:38:30.980 [main] TestUtil - total cols:3
/pattern>[INFO ] 2021-11-11 14:38:30.981 [main] TestUtil - total cols:3
/pattern>[INFO ] 2021-11-11 14:38:30.982 [main] TestUtil - total cols:3
/pattern>[INFO ] 2021-11-11 14:40:58.173 [main] Listeners - Successfully passed testcase:loginPage1TitleTest
/pattern>[INFO ] 2021-11-11 14:41:02.780 [main] LoginPage2Test - Driver invoked and launched the browser successfully
/pattern>[INFO ] 2021-11-11 14:41:03.430 [main] LoginPage2Test - Successfully validated the title
/pattern>[INFO ] 2021-11-11 14:41:03.432 [main] Listeners - Successfully passed testcase:loginPage2TitleTest
/pattern>[INFO ] 2021-11-11 14:41:13.522 [main] Listeners - Successfully passed testcase:homepageTitleTest
/pattern>[INFO ] 2021-11-11 14:41:17.956 [main] Listeners - Successfully passed testcase:FreeCrmLogoTest
/pattern>[INFO ] 2021-11-11 14:41:22.599 [main] LoginPage2Test - Driver invoked and launched the browser successfully
/pattern>[INFO ] 2021-11-11 14:41:28.440 [main] Listeners - Successfully passed testcase:Login1Test
/pattern>[INFO ] 2021-11-11 14:41:39.099 [main] Listeners - Successfully passed testcase:verifyUsernameLabelTest
/pattern>[INFO ] 2021-11-11 14:41:44.221 [main] Listeners - Successfully passed testcase:validateLogin1Test
/pattern>[INFO ] 2021-11-11 14:41:54.316 [main] Listeners - Successfully passed testcase:verifyContactsLinkTest
/pattern>[INFO ] 2021-11-11 14:42:20.803 [main] Listeners - Successfully passed testcase:clickOnAddContactsTest
/pattern>[INFO ] 2021-11-11 14:42:57.120 [main] Listeners - Successfully passed testcase:loginPage1TitleTest
/pattern>[INFO ] 2021-11-11 14:43:01.745 [main] LoginPage2Test - Driver invoked and launched the browser successfully
/pattern>[INFO ] 2021-11-11 14:43:02.844 [main] LoginPage2Test - Successfully validated the title
/pattern>[INFO ] 2021-11-11 14:43:02.848 [main] Listeners - Successfully passed testcase:loginPage2TitleTest
/pattern>[INFO ] 2021-11-11 14:43:13.879 [main] Listeners - Successfully passed testcase:homepageTitleTest
/pattern>[INFO ] 2021-11-11 14:43:20.811 [main] Listeners - Successfully passed testcase:FreeCrmLogoTest
/pattern>[INFO ] 2021-11-11 14:43:25.126 [main] LoginPage2Test - Driver invoked and launched the browser successfully
/pattern>[INFO ] 2021-11-11 14:43:40.160 [main] Listeners - Successfully passed testcase:loginPage1TitleTest
/pattern>[INFO ] 2021-11-11 14:43:44.889 [main] LoginPage2Test - Driver invoked and launched the browser successfully
/pattern>[INFO ] 2021-11-11 14:43:45.569 [main] LoginPage2Test - Successfully validated the title
/pattern>[INFO ] 2021-11-11 14:43:45.572 [main] Listeners - Successfully passed testcase:loginPage2TitleTest
/pattern>[INFO ] 2021-11-11 14:43:56.114 [main] Listeners - Successfully passed testcase:homepageTitleTest
/pattern>[INFO ] 2021-11-11 14:44:07.395 [main] Listeners - Successfully passed testcase:verifyContactsLabelTest
/pattern>[INFO ] 2021-11-11 14:44:11.822 [main] Listeners - Successfully passed testcase:FreeCrmLogoTest
/pattern>[INFO ] 2021-11-11 14:44:16.383 [main] LoginPage2Test - Driver invoked and launched the browser successfully
/pattern>[INFO ] 2021-11-11 14:44:23.379 [main] Listeners - Successfully passed testcase:Login1Test
/pattern>[INFO ] 2021-11-11 14:45:18.783 [main] Listeners - Successfully passed testcase:loginPage1TitleTest
/pattern>[INFO ] 2021-11-11 14:45:23.547 [main] LoginPage2Test - Driver invoked and launched the browser successfully
/pattern>[INFO ] 2021-11-11 14:45:24.219 [main] LoginPage2Test - Successfully validated the title
/pattern>[INFO ] 2021-11-11 14:45:24.222 [main] Listeners - Successfully passed testcase:loginPage2TitleTest
/pattern>[INFO ] 2021-11-11 14:45:34.754 [main] Listeners - Successfully passed testcase:homepageTitleTest
/pattern>[INFO ] 2021-11-11 14:45:39.496 [main] Listeners - Successfully passed testcase:FreeCrmLogoTest
/pattern>[INFO ] 2021-11-11 14:45:43.819 [main] LoginPage2Test - Driver invoked and launched the browser successfully
/pattern>[INFO ] 2021-11-11 14:45:49.547 [main] Listeners - Successfully passed testcase:Login1Test
/pattern>[INFO ] 2021-11-11 14:46:00.748 [main] Listeners - Successfully passed testcase:verifyUsernameLabelTest
/pattern>[INFO ] 2021-11-11 14:46:06.018 [main] Listeners - Successfully passed testcase:validateLogin1Test
/pattern>[INFO ] 2021-11-11 14:46:47.529 [main] Listeners - Successfully passed testcase:loginPage1TitleTest
/pattern>[INFO ] 2021-11-11 14:46:52.400 [main] LoginPage2Test - Driver invoked and launched the browser successfully
/pattern>[INFO ] 2021-11-11 14:46:53.047 [main] LoginPage2Test - Successfully validated the title
/pattern>[INFO ] 2021-11-11 14:46:53.052 [main] Listeners - Successfully passed testcase:loginPage2TitleTest
/pattern>[INFO ] 2021-11-11 14:47:04.137 [main] Listeners - Successfully passed testcase:homepageTitleTest
/pattern>[INFO ] 2021-11-11 14:47:08.945 [main] Listeners - Successfully passed testcase:FreeCrmLogoTest
/pattern>[INFO ] 2021-11-11 14:47:13.298 [main] LoginPage2Test - Driver invoked and launched the browser successfully
/pattern>[INFO ] 2021-11-11 14:47:19.068 [main] Listeners - Successfully passed testcase:Login1Test
/pattern>[INFO ] 2021-11-11 14:47:29.886 [main] Listeners - Successfully passed testcase:verifyUsernameLabelTest
/pattern>[INFO ] 2021-11-11 14:47:34.839 [main] Listeners - Successfully passed testcase:validateLogin1Test
/pattern>[INFO ] 2021-11-11 14:47:45.799 [main] Listeners - Successfully passed testcase:verifyContactsLinkTest
/pattern>[ERROR] 2021-11-11 14:48:22.377 [main] Listeners - failed testcase:clickOnAddContactsTest
/pattern>[INFO ] 2021-11-11 14:56:26.054 [main] Listeners - Successfully passed testcase:loginPage1TitleTest
/pattern>[INFO ] 2021-11-11 14:56:30.534 [main] LoginPage2Test - Driver invoked and launched the browser successfully
/pattern>[INFO ] 2021-11-11 14:56:31.130 [main] LoginPage2Test - Successfully validated the title
/pattern>[INFO ] 2021-11-11 14:56:31.132 [main] Listeners - Successfully passed testcase:loginPage2TitleTest
/pattern>[INFO ] 2021-11-11 14:56:44.176 [main] Listeners - Successfully passed testcase:homepageTitleTest
/pattern>[INFO ] 2021-11-11 14:56:48.686 [main] Listeners - Successfully passed testcase:FreeCrmLogoTest
/pattern>[INFO ] 2021-11-11 14:56:53.193 [main] LoginPage2Test - Driver invoked and launched the browser successfully
/pattern>[INFO ] 2021-11-11 14:56:59.244 [main] Listeners - Successfully passed testcase:Login1Test
/pattern>[INFO ] 2021-11-11 14:57:10.853 [main] Listeners - Successfully passed testcase:verifyUsernameLabelTest
/pattern>[INFO ] 2021-11-11 14:57:17.845 [main] Listeners - Successfully passed testcase:validateLogin1Test
/pattern>[INFO ] 2021-11-11 14:57:29.028 [main] Listeners - Successfully passed testcase:verifyContactsLinkTest
/pattern>[INFO ] 2021-11-11 14:57:55.939 [main] Listeners - Successfully passed testcase:clickOnAddContactsTest
/pattern>[INFO ] 2021-11-11 14:58:34.760 [main] Listeners - Successfully passed testcase:loginPage1TitleTest
/pattern>[INFO ] 2021-11-11 14:58:39.337 [main] LoginPage2Test - Driver invoked and launched the browser successfully
/pattern>[INFO ] 2021-11-11 14:58:39.911 [main] LoginPage2Test - Successfully validated the title
/pattern>[INFO ] 2021-11-11 14:58:39.913 [main] Listeners - Successfully passed testcase:loginPage2TitleTest
/pattern>[INFO ] 2021-11-11 14:58:51.428 [main] Listeners - Successfully passed testcase:verifyContactsLabelTest
/pattern>[INFO ] 2021-11-11 14:58:55.861 [main] Listeners - Successfully passed testcase:FreeCrmLogoTest
/pattern>[INFO ] 2021-11-11 14:59:00.597 [main] LoginPage2Test - Driver invoked and launched the browser successfully
/pattern>[INFO ] 2021-11-11 14:59:06.909 [main] Listeners - Successfully passed testcase:Login1Test
/pattern>[INFO ] 2021-11-11 14:59:18.586 [main] Listeners - Successfully passed testcase:verifyContactsByNameTest
/pattern>[INFO ] 2021-11-11 14:59:23.857 [main] Listeners - Successfully passed testcase:validateLogin1Test
/pattern>[INFO ] 2021-11-11 14:59:25.361 [main] TestUtil - Total rows:4
/pattern>[INFO ] 2021-11-11 14:59:25.362 [main] TestUtil - total cols:3
/pattern>[INFO ] 2021-11-11 14:59:25.369 [main] TestUtil - total cols:3
/pattern>[INFO ] 2021-11-11 14:59:25.370 [main] TestUtil - total cols:3
/pattern>[INFO ] 2021-11-11 14:59:25.371 [main] TestUtil - total cols:3
/pattern>[INFO ] 2021-11-11 14:59:53.956 [main] Listeners - Successfully passed testcase:validateAddContact
/pattern>[INFO ] 2021-11-11 15:00:23.465 [main] Listeners - Successfully passed testcase:validateAddContact
/pattern>[INFO ] 2021-11-11 15:00:53.016 [main] Listeners - Successfully passed testcase:validateAddContact
/pattern>[INFO ] 2021-11-11 15:01:57.898 [main] Listeners - Successfully passed testcase:loginPage1TitleTest
/pattern>[INFO ] 2021-11-11 15:02:02.657 [main] LoginPage2Test - Driver invoked and launched the browser successfully
/pattern>[INFO ] 2021-11-11 15:02:03.317 [main] LoginPage2Test - Successfully validated the title
/pattern>[INFO ] 2021-11-11 15:02:03.322 [main] Listeners - Successfully passed testcase:loginPage2TitleTest
/pattern>[INFO ] 2021-11-11 15:02:14.166 [main] Listeners - Successfully passed testcase:verifyContactsLabelTest
/pattern>[INFO ] 2021-11-11 15:02:24.391 [main] Listeners - Successfully passed testcase:homepageTitleTest
/pattern>[INFO ] 2021-11-11 15:02:28.834 [main] Listeners - Successfully passed testcase:FreeCrmLogoTest
/pattern>[INFO ] 2021-11-11 15:02:33.188 [main] LoginPage2Test - Driver invoked and launched the browser successfully
/pattern>[INFO ] 2021-11-11 15:02:38.737 [main] Listeners - Successfully passed testcase:Login1Test
/pattern>[INFO ] 2021-11-11 15:02:50.034 [main] Listeners - Successfully passed testcase:verifyContactsByNameTest
/pattern>[INFO ] 2021-11-11 15:03:01.097 [main] Listeners - Successfully passed testcase:verifyUsernameLabelTest
/pattern>[INFO ] 2021-11-11 15:03:05.843 [main] Listeners - Successfully passed testcase:validateLogin1Test
/pattern>[INFO ] 2021-11-11 15:03:07.377 [main] TestUtil - Total rows:4
/pattern>[INFO ] 2021-11-11 15:03:07.378 [main] TestUtil - total cols:3
/pattern>[INFO ] 2021-11-11 15:03:07.386 [main] TestUtil - total cols:3
/pattern>[INFO ] 2021-11-11 15:03:07.386 [main] TestUtil - total cols:3
/pattern>[INFO ] 2021-11-11 15:03:07.387 [main] TestUtil - total cols:3
/pattern>[ERROR] 2021-11-11 15:03:43.509 [main] Listeners - failed testcase:validateAddContact
/pattern>[ERROR] 2021-11-11 15:04:20.179 [main] Listeners - failed testcase:validateAddContact
/pattern>[INFO ] 2021-11-11 15:04:51.039 [main] Listeners - Successfully passed testcase:validateAddContact
/pattern>[INFO ] 2021-11-11 15:05:20.725 [main] Listeners - Successfully passed testcase:validateAddContact
/pattern>[INFO ] 2021-11-11 15:05:31.410 [main] Listeners - Successfully passed testcase:verifyContactsLinkTest
/pattern>[INFO ] 2021-11-11 15:05:59.394 [main] Listeners - Successfully passed testcase:clickOnAddContactsTest
/pattern>